Total games: 1052
Total moves: 16984
Total black wins: 416
Total white wins: 633
For policy mcts_500_1: as black 532, black wins 218, white wins 320
For policy mcts_500_2: as black 520, black wins 198, white wins 313
Total games: 234
Total moves: 4541
Total black wins: 117
Total white wins: 115
For policy mcts: as black 119, black wins 117, white wins 113
For policy random: as black 115, black wins 0, white wins 2
Total games: 171
Total moves: 3332
Total black wins: 71
Total white wins: 96
For policy mcts: as black 84, black wins 64, white wins 80
For policy mcts_random_predictor: as black 87, black wins 7, white wins 16
Total games: 146
Total moves: 2192
Total black wins: 56
Total white wins: 90
For policy mcts: as black 61, black wins 36, white wins 65
For policy mcts_last_iteration: as black 85, black wins 20, white wins 25
Total games: 1321
Total moves: 17830
Total black wins: 561
Total white wins: 758
For policy mcts_500_1: as black 652, black wins 271, white wins 377
For policy mcts_500_2: as black 669, black wins 290, white wins 381
Total games: 221
Total moves: 4551
Total black wins: 120
Total white wins: 101
For policy mcts: as black 118, black wins 116, white wins 99
For policy random: as black 103, black wins 4, white wins 2
Total games: 182
Total moves: 3457
Total black wins: 69
Total white wins: 110
For policy mcts: as black 87, black wins 58, white wins 84
For policy mcts_random_predictor: as black 95, black wins 11, white wins 26
Total games: 151
Total moves: 2265
Total black wins: 76
Total white wins: 75
For policy mcts: as black 63, black wins 41, white wins 53
For policy mcts_last_iteration: as black 88, black wins 35, white wins 22
Total games: 1168
Total moves: 17522
Total black wins: 636
Total white wins: 529
For policy mcts_500_1: as black 583, black wins 311, white wins 260
For policy mcts_500_2: as black 585, black wins 325, white wins 269
Total games: 241
Total moves: 4596
Total black wins: 119
Total white wins: 121
For policy mcts: as black 117, black wins 115, white wins 119
For policy random: as black 124, black wins 4, white wins 2
Total games: 176
Total moves: 3453
Total black wins: 101
Total white wins: 70
For policy mcts: as black 87, black wins 79, white wins 63
For policy mcts_random_predictor: as black 89, black wins 22, white wins 7
Total games: 132
Total moves: 2213
Total black wins: 67
Total white wins: 64
For policy mcts: as black 64, black wins 40, white wins 40
For policy mcts_last_iteration: as black 68, black wins 27, white wins 24
Total games: 1160
Total moves: 17628
Total black wins: 534
Total white wins: 623
For policy mcts_500_1: as black 582, black wins 276, white wins 318
For policy mcts_500_2: as black 578, black wins 258, white wins 305
Total games: 281
Total moves: 4654
Total black wins: 147
Total white wins: 134
For policy mcts: as black 148, black wins 147, white wins 133
For policy random: as black 133, black wins 0, white wins 1
Total games: 187
Total moves: 3474
Total black wins: 85
Total white wins: 99
For policy mcts: as black 95, black wins 76, white wins 83
For policy mcts_random_predictor: as black 92, black wins 9, white wins 16
Total games: 142
Total moves: 2097
Total black wins: 65
Total white wins: 76
For policy mcts: as black 75, black wins 44, white wins 46
For policy mcts_last_iteration: as black 67, black wins 21, white wins 30
Total games: 1250
Total moves: 17696
Total black wins: 584
Total white wins: 665
For policy mcts_500_1: as black 611, black wins 284, white wins 338
For policy mcts_500_2: as black 639, black wins 300, white wins 327
Total games: 289
Total moves: 4687
Total black wins: 158
Total white wins: 130
For policy mcts: as black 158, black wins 158, white wins 130
For policy random: as black 131, black wins 0, white wins 0
Total games: 206
Total moves: 3503
Total black wins: 111
Total white wins: 93
For policy mcts: as black 106, black wins 96, white wins 85
For policy mcts_random_predictor: as black 100, black wins 15, white wins 8
Total games: 157
Total moves: 2257
Total black wins: 74
Total white wins: 82
For policy mcts: as black 89, black wins 52, white wins 45
For policy mcts_last_iteration: as black 68, black wins 22, white wins 37
Total games: 1267
Total moves: 17702
Total black wins: 653
Total white wins: 612
For policy mcts_500_1: as black 633, black wins 334, white wins 315
For policy mcts_500_2: as black 634, black wins 319, white wins 297
Total games: 273
Total moves: 4540
Total black wins: 143
Total white wins: 130
For policy mcts: as black 138, black wins 138, white wins 130
For policy random: as black 135, black wins 5, white wins 0
Total games: 171
Total moves: 3246
Total black wins: 79
Total white wins: 88
For policy mcts: as black 76, black wins 63, white wins 79
For policy mcts_random_predictor: as black 95, black wins 16, white wins 9
Total games: 141
Total moves: 2165
Total black wins: 64
Total white wins: 77
For policy mcts: as black 71, black wins 43, white wins 49
For policy mcts_last_iteration: as black 70, black wins 21, white wins 28
Total games: 1155
Total moves: 17409
Total black wins: 644
Total white wins: 509
For policy mcts_500_1: as black 548, black wins 320, white wins 283
For policy mcts_500_2: as black 607, black wins 324, white wins 226
