Total games: 891
Total moves: 16719
Total black wins: 530
Total white wins: 338
For policy mcts_500_1: as black 454, black wins 272, white wins 169
For policy mcts_500_2: as black 437, black wins 258, white wins 169
Total games: 459
Total moves: 4993
Total black wins: 228
Total white wins: 231
For policy mcts: as black 228, black wins 228, white wins 231
For policy random: as black 231, black wins 0, white wins 0
Total games: 372
Total moves: 3944
Total black wins: 182
Total white wins: 190
For policy mcts: as black 182, black wins 182, white wins 190
For policy mcts_random_predictor: as black 190, black wins 0, white wins 0
Total games: 97
Total moves: 2053
Total black wins: 52
Total white wins: 39
For policy mcts: as black 44, black wins 24, white wins 20
For policy mcts_last_iteration: as black 53, black wins 28, white wins 19
Total games: 913
Total moves: 16777
Total black wins: 514
Total white wins: 382
For policy mcts_500_1: as black 460, black wins 260, white wins 192
For policy mcts_500_2: as black 453, black wins 254, white wins 190
Total games: 435
Total moves: 4968
Total black wins: 195
Total white wins: 240
For policy mcts: as black 195, black wins 195, white wins 240
For policy random: as black 240, black wins 0, white wins 0
Total games: 330
Total moves: 3777
Total black wins: 183
Total white wins: 147
For policy mcts: as black 178, black wins 178, white wins 147
For policy mcts_random_predictor: as black 152, black wins 5, white wins 0
Total games: 119
Total moves: 2119
Total black wins: 70
Total white wins: 48
For policy mcts: as black 52, black wins 33, white wins 29
For policy mcts_last_iteration: as black 67, black wins 37, white wins 19
Total games: 969
Total moves: 17452
Total black wins: 589
Total white wins: 361
For policy mcts_500_1: as black 497, black wins 300, white wins 174
For policy mcts_500_2: as black 472, black wins 289, white wins 187
Total games: 430
Total moves: 4829
Total black wins: 225
Total white wins: 205
For policy mcts: as black 225, black wins 225, white wins 205
For policy random: as black 205, black wins 0, white wins 0
Total games: 362
Total moves: 3922
Total black wins: 198
Total white wins: 163
For policy mcts: as black 199, black wins 198, white wins 162
For policy mcts_random_predictor: as black 163, black wins 0, white wins 1
Total games: 115
Total moves: 2212
Total black wins: 65
Total white wins: 46
For policy mcts: as black 49, black wins 26, white wins 23
For policy mcts_last_iteration: as black 66, black wins 39, white wins 23
Total games: 915
Total moves: 17013
Total black wins: 546
Total white wins: 353
For policy mcts_500_1: as black 457, black wins 269, white wins 171
For policy mcts_500_2: as black 458, black wins 277, white wins 182
