Total games: 848
Total moves: 13076
Total black wins: 496
Total white wins: 349
For policy mcts_500_1: as black 412, black wins 245, white wins 183
For policy mcts_500_2: as black 436, black wins 251, white wins 166
Total games: 236
Total moves: 4606
Total black wins: 112
Total white wins: 124
For policy mcts: as black 112, black wins 111, white wins 123
For policy random: as black 124, black wins 1, white wins 1
Total games: 170
Total moves: 3516
Total black wins: 82
Total white wins: 87
For policy mcts: as black 92, black wins 74, white wins 70
For policy mcts_random_predictor: as black 78, black wins 8, white wins 17
Total games: 144
Total moves: 2276
Total black wins: 82
Total white wins: 61
For policy mcts: as black 73, black wins 49, white wins 37
For policy mcts_last_iteration: as black 71, black wins 33, white wins 24
Total games: 832
Total moves: 13675
Total black wins: 439
Total white wins: 390
For policy mcts_500_1: as black 399, black wins 211, white wins 204
For policy mcts_500_2: as black 433, black wins 228, white wins 186
Total games: 334
Total moves: 4786
Total black wins: 168
Total white wins: 166
For policy mcts: as black 168, black wins 168, white wins 166
For policy random: as black 166, black wins 0, white wins 0
Total games: 242
Total moves: 3450
Total black wins: 116
Total white wins: 124
For policy mcts: as black 114, black wins 110, white wins 120
For policy mcts_random_predictor: as black 128, black wins 6, white wins 4
Total games: 129
Total moves: 2171
Total black wins: 84
Total white wins: 44
For policy mcts: as black 62, black wins 46, white wins 29
For policy mcts_last_iteration: as black 67, black wins 38, white wins 15
Total games: 411
Total moves: 6176
Total black wins: 235
Total white wins: 175
For policy mcts_500_1: as black 216, black wins 125, white wins 84
For policy mcts_500_2: as black 195, black wins 110, white wins 91
Total games: 276
Total moves: 4589
Total black wins: 137
Total white wins: 139
For policy mcts: as black 135, black wins 135, white wins 139
For policy random: as black 141, black wins 2, white wins 0
Total games: 191
Total moves: 3310
Total black wins: 101
Total white wins: 89
For policy mcts: as black 102, black wins 88, white wins 75
For policy mcts_random_predictor: as black 89, black wins 13, white wins 14
Total games: 126
Total moves: 2059
Total black wins: 73
Total white wins: 53
For policy mcts: as black 63, black wins 39, white wins 29
For policy mcts_last_iteration: as black 63, black wins 34, white wins 24
Total games: 1100
Total moves: 16593
Total black wins: 689
Total white wins: 409
For policy mcts_500_1: as black 540, black wins 346, white wins 216
For policy mcts_500_2: as black 560, black wins 343, white wins 193
Total games: 281
Total moves: 4444
Total black wins: 139
Total white wins: 142
For policy mcts: as black 138, black wins 137, white wins 141
For policy random: as black 143, black wins 2, white wins 1
Total games: 208
Total moves: 3174
Total black wins: 100
Total white wins: 108
For policy mcts: as black 98, black wins 93, white wins 103
For policy mcts_random_predictor: as black 110, black wins 7, white wins 5
Total games: 145
Total moves: 2218
Total black wins: 87
Total white wins: 58
For policy mcts: as black 72, black wins 49, white wins 35
For policy mcts_last_iteration: as black 73, black wins 38, white wins 23
Total games: 456
Total moves: 7049
Total black wins: 253
Total white wins: 201
For policy mcts_500_1: as black 231, black wins 137, white wins 109
For policy mcts_500_2: as black 225, black wins 116, white wins 92
Total games: 267
Total moves: 3999
Total black wins: 128
Total white wins: 139
For policy mcts: as black 129, black wins 128, white wins 138
For policy random: as black 138, black wins 0, white wins 1
Total games: 224
Total moves: 3309
Total black wins: 119
Total white wins: 105
For policy mcts: as black 114, black wins 110, white wins 101
For policy mcts_random_predictor: as black 110, black wins 9, white wins 4
Total games: 148
Total moves: 2221
Total black wins: 83
Total white wins: 64
For policy mcts: as black 79, black wins 48, white wins 33
For policy mcts_last_iteration: as black 69, black wins 35, white wins 31
Total games: 583
Total moves: 8715
Total black wins: 324
Total white wins: 259
For policy mcts_500_1: as black 275, black wins 149, white wins 133
For policy mcts_500_2: as black 308, black wins 175, white wins 126
Total games: 651
Total moves: 9988
Total black wins: 379
Total white wins: 270
For policy mcts_500_1: as black 308, black wins 171, white wins 134
For policy mcts_500_2: as black 343, black wins 208, white wins 136
Total games: 286
Total moves: 4456
Total black wins: 144
Total white wins: 142
For policy mcts: as black 142, black wins 142, white wins 142
For policy random: as black 144, black wins 2, white wins 0
Total games: 224
Total moves: 3504
Total black wins: 110
Total white wins: 114
For policy mcts: as black 107, black wins 100, white wins 107
For policy mcts_random_predictor: as black 117, black wins 10, white wins 7
Total games: 1
Total moves: 13
Total black wins: 0
Total white wins: 1
For policy mcts: as black 0, black wins 0, white wins 1
For policy mcts_last_iteration: as black 1, black wins 0, white wins 0
Total games: 16
Total moves: 226
Total black wins: 8
Total white wins: 8
For policy mcts_500_1: as black 7, black wins 2, white wins 3
For policy mcts_500_2: as black 9, black wins 6, white wins 5
Total games: 1075
Total moves: 17077
Total black wins: 608
Total white wins: 463
For policy mcts_500_1: as black 530, black wins 291, white wins 227
For policy mcts_500_2: as black 545, black wins 317, white wins 236
Total games: 263
Total moves: 4029
Total black wins: 132
Total white wins: 131
For policy mcts: as black 132, black wins 132, white wins 131
For policy random: as black 131, black wins 0, white wins 0
Total games: 13
Total moves: 169
Total black wins: 8
Total white wins: 5
For policy mcts: as black 6, black wins 6, white wins 5
For policy mcts_random_predictor: as black 7, black wins 2, white wins 0
Total games: 1177
Total moves: 17429
Total black wins: 690
Total white wins: 484
For policy mcts_500_1: as black 593, black wins 355, white wins 246
For policy mcts_500_2: as black 584, black wins 335, white wins 238
Total games: 352
Total moves: 4791
Total black wins: 191
Total white wins: 161
For policy mcts: as black 190, black wins 190, white wins 161
For policy random: as black 162, black wins 1, white wins 0
Total games: 256
Total moves: 3464
Total black wins: 118
Total white wins: 138
For policy mcts: as black 117, black wins 112, white wins 133
For policy mcts_random_predictor: as black 139, black wins 6, white wins 5
Total games: 143
Total moves: 2175
Total black wins: 82
Total white wins: 60
For policy mcts: as black 77, black wins 47, white wins 31
For policy mcts_last_iteration: as black 66, black wins 35, white wins 29
Total games: 1240
Total moves: 17863
Total black wins: 739
Total white wins: 500
For policy mcts_500_1: as black 622, black wins 373, white wins 251
For policy mcts_500_2: as black 618, black wins 366, white wins 249
Total games: 359
Total moves: 4940
Total black wins: 169
Total white wins: 190
For policy mcts: as black 168, black wins 167, white wins 189
For policy random: as black 191, black wins 2, white wins 1
Total games: 276
Total moves: 3749
Total black wins: 137
Total white wins: 138
For policy mcts: as black 136, black wins 132, white wins 134
For policy mcts_random_predictor: as black 140, black wins 5, white wins 4
Total games: 152
Total moves: 2250
Total black wins: 92
Total white wins: 60
For policy mcts: as black 79, black wins 56, white wins 37
For policy mcts_last_iteration: as black 73, black wins 36, white wins 23
Total games: 1221
Total moves: 18029
Total black wins: 734
Total white wins: 479
For policy mcts_500_1: as black 622, black wins 380, white wins 243
For policy mcts_500_2: as black 599, black wins 354, white wins 236
Total games: 328
Total moves: 4669
Total black wins: 147
Total white wins: 181
For policy mcts: as black 147, black wins 147, white wins 181
For policy random: as black 181, black wins 0, white wins 0
Total games: 270
Total moves: 3772
Total black wins: 136
Total white wins: 134
For policy mcts: as black 140, black wins 131, white wins 125
For policy mcts_random_predictor: as black 130, black wins 5, white wins 9
Total games: 149
Total moves: 2188
Total black wins: 87
Total white wins: 62
For policy mcts: as black 63, black wins 36, white wins 35
For policy mcts_last_iteration: as black 86, black wins 51, white wins 27
Total games: 1190
Total moves: 17775
Total black wins: 709
Total white wins: 476
For policy mcts_500_1: as black 573, black wins 338, white wins 245
For policy mcts_500_2: as black 617, black wins 371, white wins 231
Total games: 402
Total moves: 4848
Total black wins: 212
Total white wins: 190
For policy mcts: as black 212, black wins 212, white wins 190
For policy random: as black 190, black wins 0, white wins 0
Total games: 312
Total moves: 3865
Total black wins: 163
Total white wins: 148
For policy mcts: as black 157, black wins 157, white wins 148
For policy mcts_random_predictor: as black 155, black wins 6, white wins 0
Total games: 152
Total moves: 2232
Total black wins: 88
Total white wins: 64
For policy mcts: as black 66, black wins 46, white wins 44
For policy mcts_last_iteration: as black 86, black wins 42, white wins 20
Total games: 1215
Total moves: 17869
Total black wins: 736
Total white wins: 475
For policy mcts_500_1: as black 591, black wins 361, white wins 247
For policy mcts_500_2: as black 624, black wins 375, white wins 228
Total games: 371
Total moves: 4849
Total black wins: 182
Total white wins: 189
For policy mcts: as black 182, black wins 182, white wins 189
For policy random: as black 189, black wins 0, white wins 0
Total games: 289
Total moves: 3735
Total black wins: 152
Total white wins: 137
For policy mcts: as black 148, black wins 146, white wins 135
For policy mcts_random_predictor: as black 141, black wins 6, white wins 2
Total games: 157
Total moves: 2306
Total black wins: 97
Total white wins: 60
For policy mcts: as black 75, black wins 44, white wins 29
For policy mcts_last_iteration: as black 82, black wins 53, white wins 31
Total games: 1208
Total moves: 17712
Total black wins: 786
Total white wins: 418
For policy mcts_500_1: as black 601, black wins 392, white wins 211
For policy mcts_500_2: as black 607, black wins 394, white wins 207
Total games: 396
Total moves: 4959
Total black wins: 203
Total white wins: 193
For policy mcts: as black 203, black wins 203, white wins 193
For policy random: as black 193, black wins 0, white wins 0
Total games: 283
Total moves: 3655
Total black wins: 148
Total white wins: 134
For policy mcts: as black 136, black wins 136, white wins 134
For policy mcts_random_predictor: as black 147, black wins 12, white wins 0
Total games: 159
Total moves: 2287
Total black wins: 98
Total white wins: 61
For policy mcts: as black 85, black wins 56, white wins 32
For policy mcts_last_iteration: as black 74, black wins 42, white wins 29
