Total games: 158
Total moves: 5257
Total black wins: 75
Total white wins: 40
For policy mcts: as black 76, black wins 41, white wins 24
For policy distribution-1527283745.h5: as black 82, black wins 34, white wins 16
Total games: 159
Total moves: 5218
Total black wins: 83
Total white wins: 37
For policy mcts: as black 80, black wins 46, white wins 23
For policy distribution-1527279779.h5: as black 79, black wins 37, white wins 14
Total games: 175
Total moves: 5330
Total black wins: 89
Total white wins: 46
For policy mcts: as black 85, black wins 51, white wins 24
For policy distribution-1527275070.h5: as black 90, black wins 38, white wins 22
Total games: 197
Total moves: 5483
Total black wins: 100
Total white wins: 62
For policy mcts: as black 107, black wins 72, white wins 39
For policy distribution-1527271031.h5: as black 90, black wins 28, white wins 23
Total games: 202
Total moves: 5429
Total black wins: 113
Total white wins: 63
For policy mcts: as black 102, black wins 86, white wins 51
For policy distribution-1527156651.h5: as black 100, black wins 27, white wins 12
Total games: 223
Total moves: 5336
Total black wins: 113
Total white wins: 80
For policy mcts: as black 115, black wins 95, white wins 64
For policy distribution-1527140834.h5: as black 108, black wins 18, white wins 16
Total games: 269
Total moves: 5504
Total black wins: 151
Total white wins: 101
For policy mcts: as black 138, black wins 130, white wins 95
For policy distribution-1527129026.h5: as black 131, black wins 21, white wins 6
Total games: 367
Total moves: 5706
Total black wins: 207
Total white wins: 154
For policy mcts: as black 192, black wins 180, white wins 143
For policy distribution-1527046536.h5: as black 175, black wins 27, white wins 11
Total games: 342
Total moves: 5676
Total black wins: 190
Total white wins: 141
For policy mcts: as black 182, black wins 173, white wins 135
For policy distribution-1527040960.h5: as black 160, black wins 17, white wins 6
Total games: 358
Total moves: 5366
Total black wins: 186
Total white wins: 167
For policy mcts: as black 170, black wins 159, white wins 157
For policy distribution-1527016181.h5: as black 188, black wins 27, white wins 10
Total games: 480
Total moves: 6029
Total black wins: 249
Total white wins: 226
For policy mcts: as black 263, black wins 243, white wins 208
For policy distribution-1526966874.h5: as black 217, black wins 6, white wins 18
Total games: 544
Total moves: 6123
Total black wins: 265
Total white wins: 279
For policy mcts: as black 263, black wins 262, white wins 278
For policy distribution-1526939904.h5: as black 281, black wins 3, white wins 1
