Total games: 312
Total moves: 5978
Total black wins: 168
Total white wins: 135
For policy mcts: as black 169, black wins 88, white wins 57
For policy distribution-1527190352.h5: as black 143, black wins 80, white wins 78
Total games: 311
Total moves: 5865
Total black wins: 196
Total white wins: 106
For policy mcts: as black 148, black wins 96, white wins 58
For policy distribution-1527186418.h5: as black 163, black wins 100, white wins 48
Total games: 328
Total moves: 5864
Total black wins: 198
Total white wins: 126
For policy mcts: as black 170, black wins 103, white wins 59
For policy distribution-1527182401.h5: as black 158, black wins 95, white wins 67
Total games: 341
Total moves: 5874
Total black wins: 199
Total white wins: 141
For policy mcts: as black 162, black wins 93, white wins 72
For policy distribution-1527178430.h5: as black 179, black wins 106, white wins 69
Total games: 310
Total moves: 5868
Total black wins: 194
Total white wins: 110
For policy mcts: as black 143, black wins 105, white wins 74
For policy distribution-1527164544.h5: as black 167, black wins 89, white wins 36
Total games: 329
Total moves: 5919
Total black wins: 200
Total white wins: 125
For policy mcts: as black 169, black wins 121, white wins 77
For policy distribution-1527144766.h5: as black 160, black wins 79, white wins 48
Total games: 375
Total moves: 5982
Total black wins: 209
Total white wins: 165
For policy mcts: as black 167, black wins 139, white wins 137
For policy distribution-1527125086.h5: as black 208, black wins 70, white wins 28
Total games: 359
Total moves: 5941
Total black wins: 208
Total white wins: 148
For policy mcts: as black 169, black wins 140, white wins 120
For policy distribution-1527108135.h5: as black 190, black wins 68, white wins 28
Total games: 404
Total moves: 5985
Total black wins: 221
Total white wins: 182
For policy mcts: as black 208, black wins 172, white wins 146
For policy distribution-1527096457.h5: as black 196, black wins 49, white wins 36
Total games: 406
Total moves: 6043
Total black wins: 217
Total white wins: 187
For policy mcts: as black 206, black wins 178, white wins 160
For policy distribution-1527023691.h5: as black 200, black wins 39, white wins 27
Total games: 434
Total moves: 6076
Total black wins: 242
Total white wins: 191
For policy mcts: as black 216, black wins 198, white wins 173
For policy distribution-1526984888.h5: as black 218, black wins 44, white wins 18
Total games: 469
Total moves: 6159
Total black wins: 236
Total white wins: 232
For policy mcts: as black 227, black wins 217, white wins 222
For policy distribution-1526970432.h5: as black 242, black wins 19, white wins 10
